[INFO] Scanning for projects...
[INFO]                                                                         
[INFO] ------------------------------------------------------------------------
[INFO] Building study-jaxb-ws 0.0.1
[INFO] ------------------------------------------------------------------------
[INFO] 
[INFO] >>> spring-boot-maven-plugin:1.4.0.RELEASE:run (default-cli) @ study-jaxb-ws >>>
[INFO] 
[INFO] --- jaxb2-maven-plugin:1.6:xjc (xjc) @ study-jaxb-ws ---
[INFO] No changes detected in schema or binding files - skipping source generation.
[INFO] 
[INFO] --- jaxb2-maven-plugin:1.6:schemagen (schemagen) @ study-jaxb-ws ---
[INFO] No updated sources found - skipping schema generation.
[INFO] 
[INFO] --- maven-resources-plugin:2.6:resources (default-resources) @ study-jaxb-ws ---
[INFO] Using 'UTF-8' encoding to copy filtered resources.
[INFO] Copying 0 resource
[INFO] Copying 3 resources
[INFO] 
[INFO] --- maven-compiler-plugin:3.1:compile (default-compile) @ study-jaxb-ws ---
[INFO] Nothing to compile - all classes are up to date
[INFO] 
[INFO] --- maven-resources-plugin:2.6:testResources (default-testResources) @ study-jaxb-ws ---
[INFO] Using 'UTF-8' encoding to copy filtered resources.
[INFO] skip non existing resourceDirectory G:\fic\accumulator_workspace\study_jaxb-ws\src\test\resources
[INFO] 
[INFO] --- maven-compiler-plugin:3.1:testCompile (default-testCompile) @ study-jaxb-ws ---
[INFO] No sources to compile
[INFO] 
[INFO] <<< spring-boot-maven-plugin:1.4.0.RELEASE:run (default-cli) @ study-jaxb-ws <<<
[INFO] 
[INFO] --- spring-boot-maven-plugin:1.4.0.RELEASE:run (default-cli) @ study-jaxb-ws ---

  .   ____          _            __ _ _
 /\\ / ___'_ __ _ _(_)_ __  __ _ \ \ \ \
( ( )\___ | '_ | '_| | '_ \/ _` | \ \ \ \
 \\/  ___)| |_)| | | | | || (_| |  ) ) ) )
  '  |____| .__|_| |_|_| |_\__, | / / / /
 =========|_|==============|___/=/_/_/_/
 :: Spring Boot ::        (v1.4.0.RELEASE)

2016-10-31 13:55:08.359  INFO 6040 --- [           main] z1f.Application                          : Starting Application on Y6IKS1IPWVX5BZL with PID 6040 (G:\fic\accumulator_workspace\study_jaxb-ws\target\classes started by Administrator in G:\fic\accumulator_workspace\study_jaxb-ws)
2016-10-31 13:55:08.375  INFO 6040 --- [           main] z1f.Application                          : No active profile set, falling back to default profiles: default
2016-10-31 13:55:09.109  INFO 6040 --- [           main] ationConfigEmbeddedWebApplicationContext : Refreshing org.springframework.boot.context.embedded.AnnotationConfigEmbeddedWebApplicationContext@1240142: startup date [Mon Oct 31 13:55:09 CST 2016]; root of context hierarchy
2016-10-31 13:55:11.156  INFO 6040 --- [           main] trationDelegate$BeanPostProcessorChecker : Bean 'webServiceConfig' of type [class z1f.configurations.WebServiceConfig$$EnhancerBySpringCGLIB$$886a0597] is not eligible for getting processed by all BeanPostProcessors (for example: not eligible for auto-proxying)
2016-10-31 13:55:11.171  INFO 6040 --- [           main] trationDelegate$BeanPostProcessorChecker : Bean 'org.springframework.ws.config.annotation.DelegatingWsConfiguration' of type [class org.springframework.ws.config.annotation.DelegatingWsConfiguration$$EnhancerBySpringCGLIB$$ae5181c] is not eligible for getting processed by all BeanPostProcessors (for example: not eligible for auto-proxying)
2016-10-31 13:55:11.312  INFO 6040 --- [           main] .w.s.a.s.AnnotationActionEndpointMapping : Supporting [WS-Addressing August 2004, WS-Addressing 1.0]
2016-10-31 13:55:12.515  INFO 6040 --- [           main] s.b.c.e.t.TomcatEmbeddedServletContainer : Tomcat initialized with port(s): 8080 (http)
2016-10-31 13:55:12.562  INFO 6040 --- [           main] o.apache.catalina.core.StandardService   : Starting service Tomcat
2016-10-31 13:55:12.609  INFO 6040 --- [           main] org.apache.catalina.core.StandardEngine  : Starting Servlet Engine: Apache Tomcat/8.5.4
2016-10-31 13:55:12.828  INFO 6040 --- [ost-startStop-1] o.a.c.c.C.[Tomcat].[localhost].[/]       : Initializing Spring embedded WebApplicationContext
2016-10-31 13:55:12.828  INFO 6040 --- [ost-startStop-1] o.s.web.context.ContextLoader            : Root WebApplicationContext: initialization completed in 3719 ms
2016-10-31 13:55:13.171  INFO 6040 --- [ost-startStop-1] o.s.b.w.servlet.ServletRegistrationBean  : Mapping servlet: 'messageDispatcherServlet' to [/ws/*]
2016-10-31 13:55:13.171  INFO 6040 --- [ost-startStop-1] o.s.b.w.servlet.ServletRegistrationBean  : Mapping servlet: 'dispatcherServlet' to [/]
2016-10-31 13:55:13.187  INFO 6040 --- [ost-startStop-1] o.s.b.w.servlet.FilterRegistrationBean   : Mapping filter: 'characterEncodingFilter' to: [/*]
2016-10-31 13:55:13.187  INFO 6040 --- [ost-startStop-1] o.s.b.w.servlet.FilterRegistrationBean   : Mapping filter: 'hiddenHttpMethodFilter' to: [/*]
2016-10-31 13:55:13.187  INFO 6040 --- [ost-startStop-1] o.s.b.w.servlet.FilterRegistrationBean   : Mapping filter: 'httpPutFormContentFilter' to: [/*]
2016-10-31 13:55:13.187  INFO 6040 --- [ost-startStop-1] o.s.b.w.servlet.FilterRegistrationBean   : Mapping filter: 'requestContextFilter' to: [/*]
fuckfuckfuckfuckfuckfuckfuckfuckfuckfuckfuckfuckfuckfuckfuckfuckfuckfuckfuckfuckfuckfuckfuckfuckfuckfuckfuckfuck
2016-10-31 13:55:13.484  WARN 6040 --- [           main] ationConfigEmbeddedWebApplicationContext : Exception encountered during context initialization - cancelling refresh attempt: org.springframework.beans.factory.UnsatisfiedDependencyException: Error creating bean with name 'customers' defined in class path resource [z1f/configurations/WebServiceConfig.class]: Unsatisfied dependency expressed through method 'defaultWsdl11Definition_1' parameter 0: Error creating bean with name 'customersSchema' defined in class path resource [z1f/configurations/WebServiceConfig.class]: Invocation of init method failed; nested exception is java.lang.IllegalArgumentException: class path resource [gen_schemas/customers.xsd] has no targetNamespace; nested exception is org.springframework.beans.factory.BeanCreationException: Error creating bean with name 'customersSchema' defined in class path resource [z1f/configurations/WebServiceConfig.class]: Invocation of init method failed; nested exception is java.lang.IllegalArgumentException: class path resource [gen_schemas/customers.xsd] has no targetNamespace
2016-10-31 13:55:13.484  INFO 6040 --- [           main] o.apache.catalina.core.StandardService   : Stopping service Tomcat
2016-10-31 13:55:13.515  INFO 6040 --- [           main] utoConfigurationReportLoggingInitializer : 

Error starting ApplicationContext. To display the auto-configuration report enable debug logging (start with --debug)


2016-10-31 13:55:13.546 ERROR 6040 --- [           main] o.s.boot.SpringApplication               : Application startup failed

org.springframework.beans.factory.UnsatisfiedDependencyException: Error creating bean with name 'customers' defined in class path resource [z1f/configurations/WebServiceConfig.class]: Unsatisfied dependency expressed through method 'defaultWsdl11Definition_1' parameter 0: Error creating bean with name 'customersSchema' defined in class path resource [z1f/configurations/WebServiceConfig.class]: Invocation of init method failed; nested exception is java.lang.IllegalArgumentException: class path resource [gen_schemas/customers.xsd] has no targetNamespace; nested exception is org.springframework.beans.factory.BeanCreationException: Error creating bean with name 'customersSchema' defined in class path resource [z1f/configurations/WebServiceConfig.class]: Invocation of init method failed; nested exception is java.lang.IllegalArgumentException: class path resource [gen_schemas/customers.xsd] has no targetNamespace
	at org.springframework.beans.factory.support.ConstructorResolver.createArgumentArray(ConstructorResolver.java:749) ~[spring-beans-4.3.2.RELEASE.jar:4.3.2.RELEASE]
	at org.springframework.beans.factory.support.ConstructorResolver.instantiateUsingFactoryMethod(ConstructorResolver.java:467) ~[spring-beans-4.3.2.RELEASE.jar:4.3.2.RELEASE]
	at org.springframework.beans.factory.support.AbstractAutowireCapableBeanFactory.instantiateUsingFactoryMethod(AbstractAutowireCapableBeanFactory.java:1123) ~[spring-beans-4.3.2.RELEASE.jar:4.3.2.RELEASE]
	at org.springframework.beans.factory.support.AbstractAutowireCapableBeanFactory.createBeanInstance(AbstractAutowireCapableBeanFactory.java:1018) ~[spring-beans-4.3.2.RELEASE.jar:4.3.2.RELEASE]
	at org.springframework.beans.factory.support.AbstractAutowireCapableBeanFactory.doCreateBean(AbstractAutowireCapableBeanFactory.java:510) ~[spring-beans-4.3.2.RELEASE.jar:4.3.2.RELEASE]
	at org.springframework.beans.factory.support.AbstractAutowireCapableBeanFactory.createBean(AbstractAutowireCapableBeanFactory.java:482) ~[spring-beans-4.3.2.RELEASE.jar:4.3.2.RELEASE]
	at org.springframework.beans.factory.support.AbstractBeanFactory$1.getObject(AbstractBeanFactory.java:306) ~[spring-beans-4.3.2.RELEASE.jar:4.3.2.RELEASE]
	at org.springframework.beans.factory.support.DefaultSingletonBeanRegistry.getSingleton(DefaultSingletonBeanRegistry.java:230) ~[spring-beans-4.3.2.RELEASE.jar:4.3.2.RELEASE]
	at org.springframework.beans.factory.support.AbstractBeanFactory.doGetBean(AbstractBeanFactory.java:302) ~[spring-beans-4.3.2.RELEASE.jar:4.3.2.RELEASE]
	at org.springframework.beans.factory.support.AbstractBeanFactory.getBean(AbstractBeanFactory.java:197) ~[spring-beans-4.3.2.RELEASE.jar:4.3.2.RELEASE]
	at org.springframework.beans.factory.support.DefaultListableBeanFactory.preInstantiateSingletons(DefaultListableBeanFactory.java:776) ~[spring-beans-4.3.2.RELEASE.jar:4.3.2.RELEASE]
	at org.springframework.context.support.AbstractApplicationContext.finishBeanFactoryInitialization(AbstractApplicationContext.java:861) ~[spring-context-4.3.2.RELEASE.jar:4.3.2.RELEASE]
	at org.springframework.context.support.AbstractApplicationContext.refresh(AbstractApplicationContext.java:541) ~[spring-context-4.3.2.RELEASE.jar:4.3.2.RELEASE]
	at org.springframework.boot.context.embedded.EmbeddedWebApplicationContext.refresh(EmbeddedWebApplicationContext.java:122) ~[spring-boot-1.4.0.RELEASE.jar:1.4.0.RELEASE]
	at org.springframework.boot.SpringApplication.refresh(SpringApplication.java:759) [spring-boot-1.4.0.RELEASE.jar:1.4.0.RELEASE]
	at org.springframework.boot.SpringApplication.refreshContext(SpringApplication.java:369) [spring-boot-1.4.0.RELEASE.jar:1.4.0.RELEASE]
	at org.springframework.boot.SpringApplication.run(SpringApplication.java:313) [spring-boot-1.4.0.RELEASE.jar:1.4.0.RELEASE]
	at org.springframework.boot.SpringApplication.run(SpringApplication.java:1185) [spring-boot-1.4.0.RELEASE.jar:1.4.0.RELEASE]
	at org.springframework.boot.SpringApplication.run(SpringApplication.java:1174) [spring-boot-1.4.0.RELEASE.jar:1.4.0.RELEASE]
	at z1f.Application.main(Application.java:10) [classes/:na]
	at sun.reflect.NativeMethodAccessorImpl.invoke0(Native Method) ~[na:1.8.0_60]
	at sun.reflect.NativeMethodAccessorImpl.invoke(NativeMethodAccessorImpl.java:62) ~[na:1.8.0_60]
	at sun.reflect.DelegatingMethodAccessorImpl.invoke(DelegatingMethodAccessorImpl.java:43) ~[na:1.8.0_60]
	at java.lang.reflect.Method.invoke(Method.java:497) ~[na:1.8.0_60]
	at org.springframework.boot.maven.AbstractRunMojo$LaunchRunner.run(AbstractRunMojo.java:483) [spring-boot-maven-plugin-1.4.0.RELEASE.jar:1.4.0.RELEASE]
	at java.lang.Thread.run(Thread.java:745) [na:1.8.0_60]
Caused by: org.springframework.beans.factory.BeanCreationException: Error creating bean with name 'customersSchema' defined in class path resource [z1f/configurations/WebServiceConfig.class]: Invocation of init method failed; nested exception is java.lang.IllegalArgumentException: class path resource [gen_schemas/customers.xsd] has no targetNamespace
	at org.springframework.beans.factory.support.AbstractAutowireCapableBeanFactory.initializeBean(AbstractAutowireCapableBeanFactory.java:1578) ~[spring-beans-4.3.2.RELEASE.jar:4.3.2.RELEASE]
	at org.springframework.beans.factory.support.AbstractAutowireCapableBeanFactory.doCreateBean(AbstractAutowireCapableBeanFactory.java:545) ~[spring-beans-4.3.2.RELEASE.jar:4.3.2.RELEASE]
	at org.springframework.beans.factory.support.AbstractAutowireCapableBeanFactory.createBean(AbstractAutowireCapableBeanFactory.java:482) ~[spring-beans-4.3.2.RELEASE.jar:4.3.2.RELEASE]
	at org.springframework.beans.factory.support.AbstractBeanFactory$1.getObject(AbstractBeanFactory.java:306) ~[spring-beans-4.3.2.RELEASE.jar:4.3.2.RELEASE]
	at org.springframework.beans.factory.support.DefaultSingletonBeanRegistry.getSingleton(DefaultSingletonBeanRegistry.java:230) ~[spring-beans-4.3.2.RELEASE.jar:4.3.2.RELEASE]
	at org.springframework.beans.factory.support.AbstractBeanFactory.doGetBean(AbstractBeanFactory.java:302) ~[spring-beans-4.3.2.RELEASE.jar:4.3.2.RELEASE]
	at org.springframework.beans.factory.support.AbstractBeanFactory.getBean(AbstractBeanFactory.java:202) ~[spring-beans-4.3.2.RELEASE.jar:4.3.2.RELEASE]
	at org.springframework.beans.factory.config.DependencyDescriptor.resolveCandidate(DependencyDescriptor.java:207) ~[spring-beans-4.3.2.RELEASE.jar:4.3.2.RELEASE]
	at org.springframework.beans.factory.support.DefaultListableBeanFactory.findAutowireCandidates(DefaultListableBeanFactory.java:1214) ~[spring-beans-4.3.2.RELEASE.jar:4.3.2.RELEASE]
	at org.springframework.beans.factory.support.DefaultListableBeanFactory.doResolveDependency(DefaultListableBeanFactory.java:1054) ~[spring-beans-4.3.2.RELEASE.jar:4.3.2.RELEASE]
	at org.springframework.beans.factory.support.DefaultListableBeanFactory.resolveDependency(DefaultListableBeanFactory.java:1019) ~[spring-beans-4.3.2.RELEASE.jar:4.3.2.RELEASE]
	at org.springframework.beans.factory.support.ConstructorResolver.resolveAutowiredArgument(ConstructorResolver.java:835) ~[spring-beans-4.3.2.RELEASE.jar:4.3.2.RELEASE]
	at org.springframework.beans.factory.support.ConstructorResolver.createArgumentArray(ConstructorResolver.java:741) ~[spring-beans-4.3.2.RELEASE.jar:4.3.2.RELEASE]
	... 25 common frames omitted
Caused by: java.lang.IllegalArgumentException: class path resource [gen_schemas/customers.xsd] has no targetNamespace
	at org.springframework.util.Assert.hasText(Assert.java:168) ~[spring-core-4.3.2.RELEASE.jar:4.3.2.RELEASE]
	at org.springframework.xml.xsd.SimpleXsdSchema.loadSchema(SimpleXsdSchema.java:128) ~[spring-xml-2.3.0.RELEASE.jar:2.3.0.RELEASE]
	at org.springframework.xml.xsd.SimpleXsdSchema.afterPropertiesSet(SimpleXsdSchema.java:117) ~[spring-xml-2.3.0.RELEASE.jar:2.3.0.RELEASE]
	at org.springframework.beans.factory.support.AbstractAutowireCapableBeanFactory.invokeInitMethods(AbstractAutowireCapableBeanFactory.java:1637) ~[spring-beans-4.3.2.RELEASE.jar:4.3.2.RELEASE]
	at org.springframework.beans.factory.support.AbstractAutowireCapableBeanFactory.initializeBean(AbstractAutowireCapableBeanFactory.java:1574) ~[spring-beans-4.3.2.RELEASE.jar:4.3.2.RELEASE]
	... 37 common frames omitted

[WARNING] 
java.lang.reflect.InvocationTargetException
	at sun.reflect.NativeMethodAccessorImpl.invoke0(Native Method)
	at sun.reflect.NativeMethodAccessorImpl.invoke(NativeMethodAccessorImpl.java:62)
	at sun.reflect.DelegatingMethodAccessorImpl.invoke(DelegatingMethodAccessorImpl.java:43)
	at java.lang.reflect.Method.invoke(Method.java:497)
	at org.springframework.boot.maven.AbstractRunMojo$LaunchRunner.run(AbstractRunMojo.java:483)
	at java.lang.Thread.run(Thread.java:745)
Caused by: org.springframework.beans.factory.UnsatisfiedDependencyException: Error creating bean with name 'customers' defined in class path resource [z1f/configurations/WebServiceConfig.class]: Unsatisfied dependency expressed through method 'defaultWsdl11Definition_1' parameter 0: Error creating bean with name 'customersSchema' defined in class path resource [z1f/configurations/WebServiceConfig.class]: Invocation of init method failed; nested exception is java.lang.IllegalArgumentException: class path resource [gen_schemas/customers.xsd] has no targetNamespace; nested exception is org.springframework.beans.factory.BeanCreationException: Error creating bean with name 'customersSchema' defined in class path resource [z1f/configurations/WebServiceConfig.class]: Invocation of init method failed; nested exception is java.lang.IllegalArgumentException: class path resource [gen_schemas/customers.xsd] has no targetNamespace
	at org.springframework.beans.factory.support.ConstructorResolver.createArgumentArray(ConstructorResolver.java:749)
	at org.springframework.beans.factory.support.ConstructorResolver.instantiateUsingFactoryMethod(ConstructorResolver.java:467)
	at org.springframework.beans.factory.support.AbstractAutowireCapableBeanFactory.instantiateUsingFactoryMethod(AbstractAutowireCapableBeanFactory.java:1123)
	at org.springframework.beans.factory.support.AbstractAutowireCapableBeanFactory.createBeanInstance(AbstractAutowireCapableBeanFactory.java:1018)
	at org.springframework.beans.factory.support.AbstractAutowireCapableBeanFactory.doCreateBean(AbstractAutowireCapableBeanFactory.java:510)
	at org.springframework.beans.factory.support.AbstractAutowireCapableBeanFactory.createBean(AbstractAutowireCapableBeanFactory.java:482)
	at org.springframework.beans.factory.support.AbstractBeanFactory$1.getObject(AbstractBeanFactory.java:306)
	at org.springframework.beans.factory.support.DefaultSingletonBeanRegistry.getSingleton(DefaultSingletonBeanRegistry.java:230)
	at org.springframework.beans.factory.support.AbstractBeanFactory.doGetBean(AbstractBeanFactory.java:302)
	at org.springframework.beans.factory.support.AbstractBeanFactory.getBean(AbstractBeanFactory.java:197)
	at org.springframework.beans.factory.support.DefaultListableBeanFactory.preInstantiateSingletons(DefaultListableBeanFactory.java:776)
	at org.springframework.context.support.AbstractApplicationContext.finishBeanFactoryInitialization(AbstractApplicationContext.java:861)
	at org.springframework.context.support.AbstractApplicationContext.refresh(AbstractApplicationContext.java:541)
	at org.springframework.boot.context.embedded.EmbeddedWebApplicationContext.refresh(EmbeddedWebApplicationContext.java:122)
	at org.springframework.boot.SpringApplication.refresh(SpringApplication.java:759)
	at org.springframework.boot.SpringApplication.refreshContext(SpringApplication.java:369)
	at org.springframework.boot.SpringApplication.run(SpringApplication.java:313)
	at org.springframework.boot.SpringApplication.run(SpringApplication.java:1185)
	at org.springframework.boot.SpringApplication.run(SpringApplication.java:1174)
	at z1f.Application.main(Application.java:10)
	... 6 more
Caused by: org.springframework.beans.factory.BeanCreationException: Error creating bean with name 'customersSchema' defined in class path resource [z1f/configurations/WebServiceConfig.class]: Invocation of init method failed; nested exception is java.lang.IllegalArgumentException: class path resource [gen_schemas/customers.xsd] has no targetNamespace
	at org.springframework.beans.factory.support.AbstractAutowireCapableBeanFactory.initializeBean(AbstractAutowireCapableBeanFactory.java:1578)
	at org.springframework.beans.factory.support.AbstractAutowireCapableBeanFactory.doCreateBean(AbstractAutowireCapableBeanFactory.java:545)
	at org.springframework.beans.factory.support.AbstractAutowireCapableBeanFactory.createBean(AbstractAutowireCapableBeanFactory.java:482)
	at org.springframework.beans.factory.support.AbstractBeanFactory$1.getObject(AbstractBeanFactory.java:306)
	at org.springframework.beans.factory.support.DefaultSingletonBeanRegistry.getSingleton(DefaultSingletonBeanRegistry.java:230)
	at org.springframework.beans.factory.support.AbstractBeanFactory.doGetBean(AbstractBeanFactory.java:302)
	at org.springframework.beans.factory.support.AbstractBeanFactory.getBean(AbstractBeanFactory.java:202)
	at org.springframework.beans.factory.config.DependencyDescriptor.resolveCandidate(DependencyDescriptor.java:207)
	at org.springframework.beans.factory.support.DefaultListableBeanFactory.findAutowireCandidates(DefaultListableBeanFactory.java:1214)
	at org.springframework.beans.factory.support.DefaultListableBeanFactory.doResolveDependency(DefaultListableBeanFactory.java:1054)
	at org.springframework.beans.factory.support.DefaultListableBeanFactory.resolveDependency(DefaultListableBeanFactory.java:1019)
	at org.springframework.beans.factory.support.ConstructorResolver.resolveAutowiredArgument(ConstructorResolver.java:835)
	at org.springframework.beans.factory.support.ConstructorResolver.createArgumentArray(ConstructorResolver.java:741)
	... 25 more
Caused by: java.lang.IllegalArgumentException: class path resource [gen_schemas/customers.xsd] has no targetNamespace
	at org.springframework.util.Assert.hasText(Assert.java:168)
	at org.springframework.xml.xsd.SimpleXsdSchema.loadSchema(SimpleXsdSchema.java:128)
	at org.springframework.xml.xsd.SimpleXsdSchema.afterPropertiesSet(SimpleXsdSchema.java:117)
	at org.springframework.beans.factory.support.AbstractAutowireCapableBeanFactory.invokeInitMethods(AbstractAutowireCapableBeanFactory.java:1637)
	at org.springframework.beans.factory.support.AbstractAutowireCapableBeanFactory.initializeBean(AbstractAutowireCapableBeanFactory.java:1574)
	... 37 more
[INFO] ------------------------------------------------------------------------
[INFO] BUILD FAILURE
[INFO] ------------------------------------------------------------------------
[INFO] Total time: 10.234s
[INFO] Finished at: Mon Oct 31 13:55:13 CST 2016
[INFO] Final Memory: 22M/53M
[INFO] ------------------------------------------------------------------------
[ERROR] Failed to execute goal org.springframework.boot:spring-boot-maven-plugin:1.4.0.RELEASE:run (default-cli) on project study-jaxb-ws: An exception occurred while running. null: InvocationTargetException: Error creating bean with name 'customers' defined in class path resource [z1f/configurations/WebServiceConfig.class]: Unsatisfied dependency expressed through method 'defaultWsdl11Definition_1' parameter 0: Error creating bean with name 'customersSchema' defined in class path resource [z1f/configurations/WebServiceConfig.class]: Invocation of init method failed; nested exception is java.lang.IllegalArgumentException: class path resource [gen_schemas/customers.xsd] has no targetNamespace; nested exception is org.springframework.beans.factory.BeanCreationException: Error creating bean with name 'customersSchema' defined in class path resource [z1f/configurations/WebServiceConfig.class]: Invocation of init method failed; nested exception is java.lang.IllegalArgumentException: class path resource [gen_schemas/customers.xsd] has no targetNamespace -> [Help 1]
[ERROR] 
[ERROR] To see the full stack trace of the errors, re-run Maven with the -e switch.
[ERROR] Re-run Maven using the -X switch to enable full debug logging.
[ERROR] 
[ERROR] For more information about the errors and possible solutions, please read the following articles:
[ERROR] [Help 1] http://cwiki.apache.org/confluence/display/MAVEN/MojoExecutionException
